  [1m[36m (56.2ms)[0m  [1mCREATE TABLE `schema_migrations` (`version` varchar(255) NOT NULL) ENGINE=InnoDB[0m
  [1m[35m (44.7ms)[0m  CREATE UNIQUE INDEX `unique_schema_migrations`  ON `schema_migrations` (`version`) 
  [1m[36mActiveRecord::SchemaMigration Load (0.6ms)[0m  [1mSELECT `schema_migrations`.* FROM `schema_migrations`[0m
Migrating to DeviseCreateUsers (20160513153909)
  [1m[35m (21.3ms)[0m  CREATE TABLE `users` (`id` int(11) auto_increment PRIMARY KEY, `email` varchar(255) DEFAULT '' NOT NULL, `encrypted_password` varchar(255) DEFAULT '' NOT NULL, `reset_password_token` varchar(255), `reset_password_sent_at` datetime, `remember_created_at` datetime, `sign_in_count` int(11) DEFAULT 0 NOT NULL, `current_sign_in_at` datetime, `last_sign_in_at` datetime, `current_sign_in_ip` varchar(255), `last_sign_in_ip` varchar(255), `created_at` datetime NOT NULL, `updated_at` datetime NOT NULL) ENGINE=InnoDB
  [1m[36m (25.2ms)[0m  [1mCREATE UNIQUE INDEX `index_users_on_email`  ON `users` (`email`) [0m
  [1m[35m (17.1ms)[0m  CREATE UNIQUE INDEX `index_users_on_reset_password_token`  ON `users` (`reset_password_token`) 
  [1m[36m (0.2ms)[0m  [1mBEGIN[0m
  [1m[35mSQL (2.5ms)[0m  INSERT INTO `schema_migrations` (`version`) VALUES ('20160513153909')
  [1m[36m (3.0ms)[0m  [1mCOMMIT[0m
  [1m[35mActiveRecord::SchemaMigration Load (1.1ms)[0m  SELECT `schema_migrations`.* FROM `schema_migrations`
  [1m[36m (0.4ms)[0m  [1mSELECT fk.referenced_table_name as 'to_table'
      ,fk.referenced_column_name as 'primary_key'
      ,fk.column_name as 'column'
      ,fk.constraint_name as 'name'
FROM information_schema.key_column_usage fk
WHERE fk.referenced_column_name is not null
  AND fk.table_schema = 'protospace_development'
  AND fk.table_name = 'users'
[0m
  [1m[35m (0.2ms)[0m  SHOW CREATE TABLE `users`
